mode: set
github.com/anotherhope/FizzBuzz/project/internal/api/api.go:38.47,40.33 2 1
github.com/anotherhope/FizzBuzz/project/internal/api/api.go:40.33,42.45 2 1
github.com/anotherhope/FizzBuzz/project/internal/api/api.go:42.45,47.4 4 1
github.com/anotherhope/FizzBuzz/project/internal/lib/wait.go:16.45,17.26 1 1
github.com/anotherhope/FizzBuzz/project/internal/lib/wait.go:17.26,19.3 1 1
github.com/anotherhope/FizzBuzz/project/internal/lib/wait.go:28.23,31.9 2 1
github.com/anotherhope/FizzBuzz/project/internal/lib/wait.go:32.18,33.16 1 1
github.com/anotherhope/FizzBuzz/project/internal/lib/wait.go:34.27,36.16 2 1
github.com/anotherhope/FizzBuzz/project/internal/lib/wait.go:39.2,39.19 1 1
github.com/anotherhope/FizzBuzz/project/pkg/server/create.go:16.23,17.19 1 1
github.com/anotherhope/FizzBuzz/project/pkg/server/create.go:17.19,22.24 2 1
github.com/anotherhope/FizzBuzz/project/pkg/server/create.go:22.24,25.4 2 0
github.com/anotherhope/FizzBuzz/project/pkg/server/create.go:27.3,37.55 5 1
github.com/anotherhope/FizzBuzz/project/pkg/server/create.go:40.2,40.15 1 1
github.com/anotherhope/FizzBuzz/project/pkg/server/create.go:44.53,45.47 1 1
github.com/anotherhope/FizzBuzz/project/pkg/server/create.go:45.47,47.3 1 1
github.com/anotherhope/FizzBuzz/project/pkg/server/create.go:48.2,48.17 1 0
github.com/anotherhope/FizzBuzz/project/pkg/server/create.go:52.45,64.2 7 1
github.com/anotherhope/FizzBuzz/project/pkg/server/server.go:24.31,28.24 2 0
github.com/anotherhope/FizzBuzz/project/pkg/server/server.go:28.24,30.3 1 0
github.com/anotherhope/FizzBuzz/project/pkg/server/server.go:32.2,32.27 1 0
github.com/anotherhope/FizzBuzz/project/pkg/server/server.go:37.41,39.2 1 1
github.com/anotherhope/FizzBuzz/project/pkg/server/server.go:41.58,42.58 1 1
github.com/anotherhope/FizzBuzz/project/pkg/server/server.go:42.58,44.3 1 0
github.com/anotherhope/FizzBuzz/project/pkg/server/server.go:46.2,48.37 2 1
github.com/anotherhope/FizzBuzz/project/pkg/server/server.go:51.30,53.2 1 0
github.com/anotherhope/FizzBuzz/project/pkg/server/server.go:55.31,57.2 1 0
